<?xml version="1.0" encoding="UTF-8" standalone="no" ?>
<coverage branch-rate="0.8" branches-covered="8" branches-valid="10" complexity="NaN" line-rate="0.83333" lines-covered="10" lines-valid="12" timestamp="1762889492.5577" version="">
  <sources>
    <source>C:\Users\vkayithi\jenkins_Cobertura_Issue\matlab_mcdc\</source>
  </sources>
  <packages>
    <package branch-rate="0.8" complexity="NaN" line-rate="0.83333" name="">
      <classes>
        <class branch-rate="0.8" complexity="NaN" filename="computeDiscount.m" line-rate="0.83333" name="computeDiscount">
          <methods/>
          <lines>
            <line branch="true" condition-coverage="50% (1/2)" hits="3" number="13">
              <conditions>
                <condition coverage="0%" number="1" type="jump"/>
                <condition coverage="100%" number="2" type="jump"/>
              </conditions>
            </line>
            <line branch="false" hits="0" number="14"/>
            <line branch="true" condition-coverage="100% (2/2)" hits="3" number="18">
              <conditions>
                <condition coverage="100%" number="1" type="jump"/>
                <condition coverage="100%" number="2" type="jump"/>
              </conditions>
            </line>
            <line branch="false" hits="1" number="19"/>
            <line branch="true" condition-coverage="100% (2/2)" hits="2" number="20">
              <conditions>
                <condition coverage="100%" number="1" type="jump"/>
                <condition coverage="100%" number="2" type="jump"/>
              </conditions>
            </line>
            <line branch="false" hits="1" number="21"/>
            <line branch="false" hits="1" number="23"/>
            <line branch="true" condition-coverage="100% (2/2)" hits="3" number="27">
              <conditions>
                <condition coverage="100%" number="1" type="jump"/>
                <condition coverage="100%" number="2" type="jump"/>
              </conditions>
            </line>
            <line branch="false" hits="1" number="28"/>
            <line branch="true" condition-coverage="50% (1/2)" hits="3" number="32">
              <conditions>
                <condition coverage="0%" number="1" type="jump"/>
                <condition coverage="100%" number="2" type="jump"/>
              </conditions>
            </line>
            <line branch="false" hits="0" number="33"/>
            <line branch="false" hits="3" number="37"/>
          </lines>
        </class>
      </classes>
    </package>
  </packages>
</coverage>
