<?xml version="1.0" encoding="UTF-8" standalone="no" ?>
<coverage branch-rate="0.75" branches-covered="6" branches-valid="8" complexity="NaN" line-rate="0.8" lines-covered="8" lines-valid="10" timestamp="1762888654.6866" version="">
  <sources>
    <source>C:\Users\vkayithi\jenkins_Cobertura_Issue\</source>
  </sources>
  <packages>
    <package branch-rate="0.75" complexity="NaN" line-rate="0.8" name="">
      <classes>
        <class branch-rate="0.75" complexity="NaN" filename="computeDiscount.m" line-rate="0.8" name="computeDiscount">
          <methods/>
          <lines>
            <line branch="true" condition-coverage="50% (1/2)" hits="2" number="3">
              <conditions>
                <condition coverage="0%" number="1" type="jump"/>
                <condition coverage="100%" number="2" type="jump"/>
              </conditions>
            </line>
            <line branch="false" hits="0" number="4"/>
            <line branch="true" condition-coverage="100% (2/2)" hits="2" number="7">
              <conditions>
                <condition coverage="100%" number="1" type="jump"/>
                <condition coverage="100%" number="2" type="jump"/>
              </conditions>
            </line>
            <line branch="false" hits="1" number="8"/>
            <line branch="true" condition-coverage="50% (1/2)" hits="1" number="9">
              <conditions>
                <condition coverage="100%" number="1" type="jump"/>
                <condition coverage="0%" number="2" type="jump"/>
              </conditions>
            </line>
            <line branch="false" hits="1" number="10"/>
            <line branch="false" hits="0" number="12"/>
            <line branch="true" condition-coverage="100% (2/2)" hits="2" number="15">
              <conditions>
                <condition coverage="100%" number="1" type="jump"/>
                <condition coverage="100%" number="2" type="jump"/>
              </conditions>
            </line>
            <line branch="false" hits="1" number="16"/>
            <line branch="false" hits="2" number="19"/>
          </lines>
        </class>
      </classes>
    </package>
  </packages>
</coverage>
